#
# There is insufficient memory for the Java Runtime Environment to continue.
# Native memory allocation (malloc) failed to allocate 323936 bytes for Chunk::new
# Possible reasons:
#   The system is out of physical RAM or swap space
#   The process is running with CompressedOops enabled, and the Java Heap may be blocking the growth of the native heap
# Possible solutions:
#   Reduce memory load on the system
#   Increase physical memory or swap space
#   Check if swap backing store is full
#   Decrease Java heap size (-Xmx/-Xms)
#   Decrease number of Java threads
#   Decrease Java thread stack sizes (-Xss)
#   Set larger code cache with -XX:ReservedCodeCacheSize=
#   JVM is running with Unscaled Compressed Oops mode in which the Java heap is
#     placed in the first 4GB address space. The Java Heap base address is the
#     maximum limit for the native heap growth. Please use -XX:HeapBaseMinAddress
#     to set the Java Heap base and to place the Java Heap above 4GB virtual address.
# This output file may be truncated or incomplete.
#
#  Out of Memory Error (arena.cpp:168), pid=19348, tid=6436
#
# JRE version: OpenJDK Runtime Environment (21.0.2+13) (build 21.0.2+13-58)
# Java VM: OpenJDK 64-Bit Server VM (21.0.2+13-58, mixed mode, sharing, tiered, compressed oops, compressed class ptrs, g1 gc, windows-amd64)
# No core dump will be written. Minidumps are not enabled by default on client versions of Windows
#

---------------  S U M M A R Y ------------

Command Line: --module-path=C:\Users\lenovo\.m2\repository\org\openjfx\javafx-base\17\javafx-base-17-win.jar;C:\Users\lenovo\.m2\repository\org\openjfx\javafx-base\17\javafx-base-17.jar;C:\Users\lenovo\.m2\repository\org\openjfx\javafx-controls\17\javafx-controls-17-win.jar;C:\Users\lenovo\.m2\repository\org\openjfx\javafx-controls\17\javafx-controls-17.jar;C:\Users\lenovo\.m2\repository\org\openjfx\javafx-fxml\17\javafx-fxml-17-win.jar;C:\Users\lenovo\.m2\repository\org\openjfx\javafx-fxml\17\javafx-fxml-17.jar;C:\Users\lenovo\.m2\repository\org\openjfx\javafx-graphics\17\javafx-graphics-17-win.jar;C:\Users\lenovo\.m2\repository\org\openjfx\javafx-graphics\17\javafx-graphics-17.jar --add-modules=javafx.base,javafx.base,javafx.controls,javafx.controls,javafx.fxml,javafx.fxml,javafx.graphics,javafx.graphics tests.MainFX

Host: Intel(R) Core(TM) i5-1035G1 CPU @ 1.00GHz, 8 cores, 7G,  Windows 11 , 64 bit Build 22621 (10.0.22621.3085)
Time: Fri Mar  1 12:30:10 2024 Paris, Madrid elapsed time: 811.540332 seconds (0d 0h 13m 31s)

---------------  T H R E A D  ---------------

Current thread (0x0000017a1172c6c0):  JavaThread "C2 CompilerThread0" daemon [_thread_in_native, id=6436, stack(0x0000004c52b00000,0x0000004c52c00000) (1024K)]


Current CompileTask:
C2: 811540 2447 %     4       com.sun.marlin.Renderer::_endRendering @ 1910 (2473 bytes)

Stack: [0x0000004c52b00000,0x0000004c52c00000]
Native frames: (J=compiled Java code, j=interpreted, Vv=VM code, C=native code)
V  [jvm.dll+0x6cade9]
V  [jvm.dll+0x8569c1]
V  [jvm.dll+0x858d2e]
V  [jvm.dll+0x859413]
V  [jvm.dll+0x280e56]
V  [jvm.dll+0xc3f3d]
V  [jvm.dll+0xc4473]
V  [jvm.dll+0x2f437f]
V  [jvm.dll+0x5f5056]
V  [jvm.dll+0x252d7f]
V  [jvm.dll+0x24b6d6]
V  [jvm.dll+0x2490a3]
V  [jvm.dll+0x1c9634]
V  [jvm.dll+0x258859]
V  [jvm.dll+0x256e3a]
V  [jvm.dll+0x3ef6c6]
V  [jvm.dll+0x7ff568]
V  [jvm.dll+0x6c953d]
C  [ucrtbase.dll+0x29363]
C  [KERNEL32.DLL+0x1257d]
C  [ntdll.dll+0x5aa58]


---------------  P R O C E S S  ---------------

Threads class SMR info:
_java_thread_list=0x0000017a5c69fd60, length=19, elements={
0x0000017a72abd2f0, 0x0000017a11716620, 0x0000017a11719540, 0x0000017a1171bda0,
0x0000017a1171c8f0, 0x0000017a1171d570, 0x0000017a117260d0, 0x0000017a1172c6c0,
0x0000017a11730190, 0x0000017a119b0b80, 0x0000017a11b90200, 0x0000017a572abbf0,
0x0000017a5732b040, 0x0000017a5732c220, 0x0000017a5754ca50, 0x0000017a575d7f80,
0x0000017a575e6300, 0x0000017a575e5c70, 0x0000017a575e76b0
}

Java Threads: ( => current thread )
  0x0000017a72abd2f0 JavaThread "main"                              [_thread_blocked, id=25788, stack(0x0000004c51d00000,0x0000004c51e00000) (1024K)]
  0x0000017a11716620 JavaThread "Reference Handler"          daemon [_thread_blocked, id=19668, stack(0x0000004c52500000,0x0000004c52600000) (1024K)]
  0x0000017a11719540 JavaThread "Finalizer"                  daemon [_thread_blocked, id=4800, stack(0x0000004c52600000,0x0000004c52700000) (1024K)]
  0x0000017a1171bda0 JavaThread "Signal Dispatcher"          daemon [_thread_blocked, id=4960, stack(0x0000004c52700000,0x0000004c52800000) (1024K)]
  0x0000017a1171c8f0 JavaThread "Attach Listener"            daemon [_thread_blocked, id=10472, stack(0x0000004c52800000,0x0000004c52900000) (1024K)]
  0x0000017a1171d570 JavaThread "Service Thread"             daemon [_thread_blocked, id=20460, stack(0x0000004c52900000,0x0000004c52a00000) (1024K)]
  0x0000017a117260d0 JavaThread "Monitor Deflation Thread"   daemon [_thread_blocked, id=21284, stack(0x0000004c52a00000,0x0000004c52b00000) (1024K)]
=>0x0000017a1172c6c0 JavaThread "C2 CompilerThread0"         daemon [_thread_in_native, id=6436, stack(0x0000004c52b00000,0x0000004c52c00000) (1024K)]
  0x0000017a11730190 JavaThread "C1 CompilerThread0"         daemon [_thread_blocked, id=19756, stack(0x0000004c52c00000,0x0000004c52d00000) (1024K)]
  0x0000017a119b0b80 JavaThread "Common-Cleaner"             daemon [_thread_blocked, id=20668, stack(0x0000004c52d00000,0x0000004c52e00000) (1024K)]
  0x0000017a11b90200 JavaThread "Notification Thread"        daemon [_thread_blocked, id=20036, stack(0x0000004c52e00000,0x0000004c52f00000) (1024K)]
  0x0000017a572abbf0 JavaThread "QuantumRenderer-0"          daemon [_thread_blocked, id=22812, stack(0x0000004c52f00000,0x0000004c53000000) (1024K)]
  0x0000017a5732b040 JavaThread "InvokeLaterDispatcher"      daemon [_thread_blocked, id=13584, stack(0x0000004c53000000,0x0000004c53100000) (1024K)]
  0x0000017a5732c220 JavaThread "JavaFX Application Thread"         [_thread_in_native, id=16608, stack(0x0000004c53100000,0x0000004c53200000) (1024K)]
  0x0000017a5754ca50 JavaThread "JavaFX-Launcher"                   [_thread_blocked, id=14632, stack(0x0000004c53600000,0x0000004c53700000) (1024K)]
  0x0000017a575d7f80 JavaThread "Thread-2"                   daemon [_thread_in_native, id=23872, stack(0x0000004c53500000,0x0000004c53600000) (1024K)]
  0x0000017a575e6300 JavaThread "mysql-cj-abandoned-connection-cleanup" daemon [_thread_blocked, id=11064, stack(0x0000004c53c00000,0x0000004c53d00000) (1024K)]
  0x0000017a575e5c70 JavaThread "Prism Font Disposer"        daemon [_thread_blocked, id=10328, stack(0x0000004c54200000,0x0000004c54300000) (1024K)]
  0x0000017a575e76b0 JavaThread "Cleaner-0"                  daemon [_thread_blocked, id=20892, stack(0x0000004c54300000,0x0000004c54400000) (1024K)]
Total: 19

Other Threads:
  0x0000017a116f7ae0 VMThread "VM Thread"                           [id=26644, stack(0x0000004c52400000,0x0000004c52500000) (1024K)]
  0x0000017a116e01e0 WatcherThread "VM Periodic Task Thread"        [id=8716, stack(0x0000004c52300000,0x0000004c52400000) (1024K)]
  0x0000017a74dab030 WorkerThread "GC Thread#0"                     [id=10064, stack(0x0000004c51e00000,0x0000004c51f00000) (1024K)]
  0x0000017a5759e3a0 WorkerThread "GC Thread#1"                     [id=18744, stack(0x0000004c53700000,0x0000004c53800000) (1024K)]
  0x0000017a5759e000 WorkerThread "GC Thread#2"                     [id=18940, stack(0x0000004c53800000,0x0000004c53900000) (1024K)]
  0x0000017a5759e740 WorkerThread "GC Thread#3"                     [id=15836, stack(0x0000004c53900000,0x0000004c53a00000) (1024K)]
  0x0000017a5759eae0 WorkerThread "GC Thread#4"                     [id=26244, stack(0x0000004c53a00000,0x0000004c53b00000) (1024K)]
  0x0000017a5759ee80 WorkerThread "GC Thread#5"                     [id=13332, stack(0x0000004c53b00000,0x0000004c53c00000) (1024K)]
  0x0000017a5759f5c0 WorkerThread "GC Thread#6"                     [id=4720, stack(0x0000004c53d00000,0x0000004c53e00000) (1024K)]
  0x0000017a5759f220 WorkerThread "GC Thread#7"                     [id=4072, stack(0x0000004c53e00000,0x0000004c53f00000) (1024K)]
  0x0000017a74dbc390 ConcurrentGCThread "G1 Main Marker"            [id=3372, stack(0x0000004c51f00000,0x0000004c52000000) (1024K)]
  0x0000017a74dbce90 WorkerThread "G1 Conc#0"                       [id=15824, stack(0x0000004c52000000,0x0000004c52100000) (1024K)]
  0x0000017a115b49a0 ConcurrentGCThread "G1 Refine#0"               [id=2244, stack(0x0000004c52100000,0x0000004c52200000) (1024K)]
  0x0000017a115b5510 ConcurrentGCThread "G1 Service"                [id=24332, stack(0x0000004c52200000,0x0000004c52300000) (1024K)]
Total: 14

Threads with active compile tasks:
C2 CompilerThread0   811606 2447 %     4       com.sun.marlin.Renderer::_endRendering @ 1910 (2473 bytes)
Total: 1

VM state: not at safepoint (normal execution)

VM Mutex/Monitor currently owned by a thread: None

Heap address: 0x0000000083200000, size: 1998 MB, Compressed Oops mode: 32-bit

CDS archive(s) mapped at: [0x0000017a12000000-0x0000017a12c90000-0x0000017a12c90000), size 13172736, SharedBaseAddress: 0x0000017a12000000, ArchiveRelocationMode: 1.
Compressed class space mapped at: 0x0000017a13000000-0x0000017a53000000, reserved size: 1073741824
Narrow klass base: 0x0000017a12000000, Narrow klass shift: 0, Narrow klass range: 0x100000000

GC Precious Log:
 CardTable entry size: 512
 Card Set container configuration: InlinePtr #cards 5 size 8 Array Of Cards #cards 12 size 40 Howl #buckets 4 coarsen threshold 1843 Howl Bitmap #cards 512 size 80 coarsen threshold 460 Card regions per heap region 1 cards per card region 2048
 CPUs: 8 total, 8 available
 Memory: 7987M
 Large Page Support: Disabled
 NUMA Support: Disabled
 Compressed Oops: Enabled (32-bit)
 Heap Region Size: 1M
 Heap Min Capacity: 8M
 Heap Initial Capacity: 126M
 Heap Max Capacity: 1998M
 Pre-touch: Disabled
 Parallel Workers: 8
 Concurrent Workers: 2
 Concurrent Refinement Workers: 8
 Periodic GC: Disabled

Heap:
 garbage-first heap   total 129024K, used 31335K [0x0000000083200000, 0x0000000100000000)
  region size 1024K, 27 young (27648K), 5 survivors (5120K)
 Metaspace       used 18385K, committed 18816K, reserved 1114112K
  class space    used 2557K, committed 2752K, reserved 1048576K

Heap Regions: E=young(eden), S=young(survivor), O=old, HS=humongous(starts), HC=humongous(continues), CS=collection set, F=free, TAMS=top-at-mark-start, PB=parsable bottom
|   0|0x0000000083200000, 0x0000000083300000, 0x0000000083300000|100%| O|  |TAMS 0x0000000083200000| PB 0x0000000083200000| Untracked 
|   1|0x0000000083300000, 0x0000000083400000, 0x0000000083400000|100%| O|  |TAMS 0x0000000083300000| PB 0x0000000083300000| Untracked 
|   2|0x0000000083400000, 0x0000000083499e60, 0x0000000083500000| 60%| O|  |TAMS 0x0000000083400000| PB 0x0000000083400000| Untracked 
|   3|0x0000000083500000, 0x0000000083600000, 0x0000000083600000|100%|HS|  |TAMS 0x0000000083500000| PB 0x0000000083500000| Complete 
|   4|0x0000000083600000, 0x0000000083700000, 0x0000000083700000|100%|HC|  |TAMS 0x0000000083600000| PB 0x0000000083600000| Complete 
|   5|0x0000000083700000, 0x0000000083700000, 0x0000000083800000|  0%| F|  |TAMS 0x0000000083700000| PB 0x0000000083700000| Untracked 
|   6|0x0000000083800000, 0x0000000083800000, 0x0000000083900000|  0%| F|  |TAMS 0x0000000083800000| PB 0x0000000083800000| Untracked 
|   7|0x0000000083900000, 0x0000000083900000, 0x0000000083a00000|  0%| F|  |TAMS 0x0000000083900000| PB 0x0000000083900000| Untracked 
|   8|0x0000000083a00000, 0x0000000083a00000, 0x0000000083b00000|  0%| F|  |TAMS 0x0000000083a00000| PB 0x0000000083a00000| Untracked 
|   9|0x0000000083b00000, 0x0000000083b00000, 0x0000000083c00000|  0%| F|  |TAMS 0x0000000083b00000| PB 0x0000000083b00000| Untracked 
|  10|0x0000000083c00000, 0x0000000083c00000, 0x0000000083d00000|  0%| F|  |TAMS 0x0000000083c00000| PB 0x0000000083c00000| Untracked 
|  11|0x0000000083d00000, 0x0000000083d00000, 0x0000000083e00000|  0%| F|  |TAMS 0x0000000083d00000| PB 0x0000000083d00000| Untracked 
|  12|0x0000000083e00000, 0x0000000083e00000, 0x0000000083f00000|  0%| F|  |TAMS 0x0000000083e00000| PB 0x0000000083e00000| Untracked 
|  13|0x0000000083f00000, 0x0000000083f00000, 0x0000000084000000|  0%| F|  |TAMS 0x0000000083f00000| PB 0x0000000083f00000| Untracked 
|  14|0x0000000084000000, 0x0000000084000000, 0x0000000084100000|  0%| F|  |TAMS 0x0000000084000000| PB 0x0000000084000000| Untracked 
|  15|0x0000000084100000, 0x0000000084100000, 0x0000000084200000|  0%| F|  |TAMS 0x0000000084100000| PB 0x0000000084100000| Untracked 
|  16|0x0000000084200000, 0x0000000084200000, 0x0000000084300000|  0%| F|  |TAMS 0x0000000084200000| PB 0x0000000084200000| Untracked 
|  17|0x0000000084300000, 0x0000000084300000, 0x0000000084400000|  0%| F|  |TAMS 0x0000000084300000| PB 0x0000000084300000| Untracked 
|  18|0x0000000084400000, 0x0000000084400000, 0x0000000084500000|  0%| F|  |TAMS 0x0000000084400000| PB 0x0000000084400000| Untracked 
|  19|0x0000000084500000, 0x0000000084500000, 0x0000000084600000|  0%| F|  |TAMS 0x0000000084500000| PB 0x0000000084500000| Untracked 
|  20|0x0000000084600000, 0x0000000084600000, 0x0000000084700000|  0%| F|  |TAMS 0x0000000084600000| PB 0x0000000084600000| Untracked 
|  21|0x0000000084700000, 0x0000000084700000, 0x0000000084800000|  0%| F|  |TAMS 0x0000000084700000| PB 0x0000000084700000| Untracked 
|  22|0x0000000084800000, 0x0000000084800000, 0x0000000084900000|  0%| F|  |TAMS 0x0000000084800000| PB 0x0000000084800000| Untracked 
|  23|0x0000000084900000, 0x0000000084900000, 0x0000000084a00000|  0%| F|  |TAMS 0x0000000084900000| PB 0x0000000084900000| Untracked 
|  24|0x0000000084a00000, 0x0000000084a00000, 0x0000000084b00000|  0%| F|  |TAMS 0x0000000084a00000| PB 0x0000000084a00000| Untracked 
|  25|0x0000000084b00000, 0x0000000084b00000, 0x0000000084c00000|  0%| F|  |TAMS 0x0000000084b00000| PB 0x0000000084b00000| Untracked 
|  26|0x0000000084c00000, 0x0000000084c00000, 0x0000000084d00000|  0%| F|  |TAMS 0x0000000084c00000| PB 0x0000000084c00000| Untracked 
|  27|0x0000000084d00000, 0x0000000084d00000, 0x0000000084e00000|  0%| F|  |TAMS 0x0000000084d00000| PB 0x0000000084d00000| Untracked 
|  28|0x0000000084e00000, 0x0000000084e00000, 0x0000000084f00000|  0%| F|  |TAMS 0x0000000084e00000| PB 0x0000000084e00000| Untracked 
|  29|0x0000000084f00000, 0x0000000084f00000, 0x0000000085000000|  0%| F|  |TAMS 0x0000000084f00000| PB 0x0000000084f00000| Untracked 
|  30|0x0000000085000000, 0x0000000085000000, 0x0000000085100000|  0%| F|  |TAMS 0x0000000085000000| PB 0x0000000085000000| Untracked 
|  31|0x0000000085100000, 0x0000000085100000, 0x0000000085200000|  0%| F|  |TAMS 0x0000000085100000| PB 0x0000000085100000| Untracked 
|  32|0x0000000085200000, 0x0000000085200000, 0x0000000085300000|  0%| F|  |TAMS 0x0000000085200000| PB 0x0000000085200000| Untracked 
|  33|0x0000000085300000, 0x0000000085300000, 0x0000000085400000|  0%| F|  |TAMS 0x0000000085300000| PB 0x0000000085300000| Untracked 
|  34|0x0000000085400000, 0x0000000085400000, 0x0000000085500000|  0%| F|  |TAMS 0x0000000085400000| PB 0x0000000085400000| Untracked 
|  35|0x0000000085500000, 0x0000000085500000, 0x0000000085600000|  0%| F|  |TAMS 0x0000000085500000| PB 0x0000000085500000| Untracked 
|  36|0x0000000085600000, 0x0000000085600000, 0x0000000085700000|  0%| F|  |TAMS 0x0000000085600000| PB 0x0000000085600000| Untracked 
|  37|0x0000000085700000, 0x0000000085700000, 0x0000000085800000|  0%| F|  |TAMS 0x0000000085700000| PB 0x0000000085700000| Untracked 
|  38|0x0000000085800000, 0x0000000085800000, 0x0000000085900000|  0%| F|  |TAMS 0x0000000085800000| PB 0x0000000085800000| Untracked 
|  39|0x0000000085900000, 0x0000000085900000, 0x0000000085a00000|  0%| F|  |TAMS 0x0000000085900000| PB 0x0000000085900000| Untracked 
|  40|0x0000000085a00000, 0x0000000085a00000, 0x0000000085b00000|  0%| F|  |TAMS 0x0000000085a00000| PB 0x0000000085a00000| Untracked 
|  41|0x0000000085b00000, 0x0000000085b00000, 0x0000000085c00000|  0%| F|  |TAMS 0x0000000085b00000| PB 0x0000000085b00000| Untracked 
|  42|0x0000000085c00000, 0x0000000085c00000, 0x0000000085d00000|  0%| F|  |TAMS 0x0000000085c00000| PB 0x0000000085c00000| Untracked 
|  43|0x0000000085d00000, 0x0000000085d00000, 0x0000000085e00000|  0%| F|  |TAMS 0x0000000085d00000| PB 0x0000000085d00000| Untracked 
|  44|0x0000000085e00000, 0x0000000085e00000, 0x0000000085f00000|  0%| F|  |TAMS 0x0000000085e00000| PB 0x0000000085e00000| Untracked 
|  45|0x0000000085f00000, 0x0000000085f00000, 0x0000000086000000|  0%| F|  |TAMS 0x0000000085f00000| PB 0x0000000085f00000| Untracked 
|  46|0x0000000086000000, 0x0000000086000000, 0x0000000086100000|  0%| F|  |TAMS 0x0000000086000000| PB 0x0000000086000000| Untracked 
|  47|0x0000000086100000, 0x0000000086100000, 0x0000000086200000|  0%| F|  |TAMS 0x0000000086100000| PB 0x0000000086100000| Untracked 
|  48|0x0000000086200000, 0x0000000086200000, 0x0000000086300000|  0%| F|  |TAMS 0x0000000086200000| PB 0x0000000086200000| Untracked 
|  49|0x0000000086300000, 0x0000000086300000, 0x0000000086400000|  0%| F|  |TAMS 0x0000000086300000| PB 0x0000000086300000| Untracked 
|  50|0x0000000086400000, 0x0000000086400000, 0x0000000086500000|  0%| F|  |TAMS 0x0000000086400000| PB 0x0000000086400000| Untracked 
|  51|0x0000000086500000, 0x0000000086500000, 0x0000000086600000|  0%| F|  |TAMS 0x0000000086500000| PB 0x0000000086500000| Untracked 
|  52|0x0000000086600000, 0x0000000086600000, 0x0000000086700000|  0%| F|  |TAMS 0x0000000086600000| PB 0x0000000086600000| Untracked 
|  53|0x0000000086700000, 0x0000000086700000, 0x0000000086800000|  0%| F|  |TAMS 0x0000000086700000| PB 0x0000000086700000| Untracked 
|  54|0x0000000086800000, 0x0000000086800000, 0x0000000086900000|  0%| F|  |TAMS 0x0000000086800000| PB 0x0000000086800000| Untracked 
|  55|0x0000000086900000, 0x0000000086900000, 0x0000000086a00000|  0%| F|  |TAMS 0x0000000086900000| PB 0x0000000086900000| Untracked 
|  56|0x0000000086a00000, 0x0000000086a00000, 0x0000000086b00000|  0%| F|  |TAMS 0x0000000086a00000| PB 0x0000000086a00000| Untracked 
|  57|0x0000000086b00000, 0x0000000086b00000, 0x0000000086c00000|  0%| F|  |TAMS 0x0000000086b00000| PB 0x0000000086b00000| Untracked 
|  58|0x0000000086c00000, 0x0000000086c00000, 0x0000000086d00000|  0%| F|  |TAMS 0x0000000086c00000| PB 0x0000000086c00000| Untracked 
|  59|0x0000000086d00000, 0x0000000086d00000, 0x0000000086e00000|  0%| F|  |TAMS 0x0000000086d00000| PB 0x0000000086d00000| Untracked 
|  60|0x0000000086e00000, 0x0000000086e00000, 0x0000000086f00000|  0%| F|  |TAMS 0x0000000086e00000| PB 0x0000000086e00000| Untracked 
|  61|0x0000000086f00000, 0x0000000086f00000, 0x0000000087000000|  0%| F|  |TAMS 0x0000000086f00000| PB 0x0000000086f00000| Untracked 
|  62|0x0000000087000000, 0x0000000087000000, 0x0000000087100000|  0%| F|  |TAMS 0x0000000087000000| PB 0x0000000087000000| Untracked 
|  63|0x0000000087100000, 0x0000000087100000, 0x0000000087200000|  0%| F|  |TAMS 0x0000000087100000| PB 0x0000000087100000| Untracked 
|  64|0x0000000087200000, 0x0000000087200000, 0x0000000087300000|  0%| F|  |TAMS 0x0000000087200000| PB 0x0000000087200000| Untracked 
|  65|0x0000000087300000, 0x0000000087300000, 0x0000000087400000|  0%| F|  |TAMS 0x0000000087300000| PB 0x0000000087300000| Untracked 
|  66|0x0000000087400000, 0x0000000087400000, 0x0000000087500000|  0%| F|  |TAMS 0x0000000087400000| PB 0x0000000087400000| Untracked 
|  67|0x0000000087500000, 0x0000000087500000, 0x0000000087600000|  0%| F|  |TAMS 0x0000000087500000| PB 0x0000000087500000| Untracked 
|  68|0x0000000087600000, 0x0000000087600000, 0x0000000087700000|  0%| F|  |TAMS 0x0000000087600000| PB 0x0000000087600000| Untracked 
|  69|0x0000000087700000, 0x0000000087700000, 0x0000000087800000|  0%| F|  |TAMS 0x0000000087700000| PB 0x0000000087700000| Untracked 
|  70|0x0000000087800000, 0x0000000087800000, 0x0000000087900000|  0%| F|  |TAMS 0x0000000087800000| PB 0x0000000087800000| Untracked 
|  71|0x0000000087900000, 0x0000000087900000, 0x0000000087a00000|  0%| F|  |TAMS 0x0000000087900000| PB 0x0000000087900000| Untracked 
|  72|0x0000000087a00000, 0x0000000087a00000, 0x0000000087b00000|  0%| F|  |TAMS 0x0000000087a00000| PB 0x0000000087a00000| Untracked 
|  73|0x0000000087b00000, 0x0000000087b00000, 0x0000000087c00000|  0%| F|  |TAMS 0x0000000087b00000| PB 0x0000000087b00000| Untracked 
|  74|0x0000000087c00000, 0x0000000087c00000, 0x0000000087d00000|  0%| F|  |TAMS 0x0000000087c00000| PB 0x0000000087c00000| Untracked 
|  75|0x0000000087d00000, 0x0000000087d00000, 0x0000000087e00000|  0%| F|  |TAMS 0x0000000087d00000| PB 0x0000000087d00000| Untracked 
|  76|0x0000000087e00000, 0x0000000087e00000, 0x0000000087f00000|  0%| F|  |TAMS 0x0000000087e00000| PB 0x0000000087e00000| Untracked 
|  77|0x0000000087f00000, 0x0000000087f00000, 0x0000000088000000|  0%| F|  |TAMS 0x0000000087f00000| PB 0x0000000087f00000| Untracked 
|  78|0x0000000088000000, 0x0000000088000000, 0x0000000088100000|  0%| F|  |TAMS 0x0000000088000000| PB 0x0000000088000000| Untracked 
|  79|0x0000000088100000, 0x0000000088100000, 0x0000000088200000|  0%| F|  |TAMS 0x0000000088100000| PB 0x0000000088100000| Untracked 
|  80|0x0000000088200000, 0x0000000088200000, 0x0000000088300000|  0%| F|  |TAMS 0x0000000088200000| PB 0x0000000088200000| Untracked 
|  81|0x0000000088300000, 0x0000000088300000, 0x0000000088400000|  0%| F|  |TAMS 0x0000000088300000| PB 0x0000000088300000| Untracked 
|  82|0x0000000088400000, 0x0000000088400000, 0x0000000088500000|  0%| F|  |TAMS 0x0000000088400000| PB 0x0000000088400000| Untracked 
|  83|0x0000000088500000, 0x0000000088500000, 0x0000000088600000|  0%| F|  |TAMS 0x0000000088500000| PB 0x0000000088500000| Untracked 
|  84|0x0000000088600000, 0x0000000088700000, 0x0000000088700000|100%| S|CS|TAMS 0x0000000088600000| PB 0x0000000088600000| Complete 
|  85|0x0000000088700000, 0x0000000088800000, 0x0000000088800000|100%| S|CS|TAMS 0x0000000088700000| PB 0x0000000088700000| Complete 
|  86|0x0000000088800000, 0x0000000088900000, 0x0000000088900000|100%| S|CS|TAMS 0x0000000088800000| PB 0x0000000088800000| Complete 
|  87|0x0000000088900000, 0x0000000088a00000, 0x0000000088a00000|100%| S|CS|TAMS 0x0000000088900000| PB 0x0000000088900000| Complete 
|  88|0x0000000088a00000, 0x0000000088b00000, 0x0000000088b00000|100%| S|CS|TAMS 0x0000000088a00000| PB 0x0000000088a00000| Complete 
|  89|0x0000000088b00000, 0x0000000088b00000, 0x0000000088c00000|  0%| F|  |TAMS 0x0000000088b00000| PB 0x0000000088b00000| Untracked 
|  90|0x0000000088c00000, 0x0000000088c00000, 0x0000000088d00000|  0%| F|  |TAMS 0x0000000088c00000| PB 0x0000000088c00000| Untracked 
|  91|0x0000000088d00000, 0x0000000088d00000, 0x0000000088e00000|  0%| F|  |TAMS 0x0000000088d00000| PB 0x0000000088d00000| Untracked 
|  92|0x0000000088e00000, 0x0000000088e00000, 0x0000000088f00000|  0%| F|  |TAMS 0x0000000088e00000| PB 0x0000000088e00000| Untracked 
|  93|0x0000000088f00000, 0x0000000088f00000, 0x0000000089000000|  0%| F|  |TAMS 0x0000000088f00000| PB 0x0000000088f00000| Untracked 
|  94|0x0000000089000000, 0x0000000089000000, 0x0000000089100000|  0%| F|  |TAMS 0x0000000089000000| PB 0x0000000089000000| Untracked 
|  95|0x0000000089100000, 0x0000000089100000, 0x0000000089200000|  0%| F|  |TAMS 0x0000000089100000| PB 0x0000000089100000| Untracked 
|  96|0x0000000089200000, 0x0000000089200000, 0x0000000089300000|  0%| F|  |TAMS 0x0000000089200000| PB 0x0000000089200000| Untracked 
|  97|0x0000000089300000, 0x0000000089300000, 0x0000000089400000|  0%| F|  |TAMS 0x0000000089300000| PB 0x0000000089300000| Untracked 
|  98|0x0000000089400000, 0x0000000089400000, 0x0000000089500000|  0%| F|  |TAMS 0x0000000089400000| PB 0x0000000089400000| Untracked 
|  99|0x0000000089500000, 0x0000000089500000, 0x0000000089600000|  0%| F|  |TAMS 0x0000000089500000| PB 0x0000000089500000| Untracked 
| 100|0x0000000089600000, 0x0000000089600000, 0x0000000089700000|  0%| F|  |TAMS 0x0000000089600000| PB 0x0000000089600000| Untracked 
| 101|0x0000000089700000, 0x0000000089700000, 0x0000000089800000|  0%| F|  |TAMS 0x0000000089700000| PB 0x0000000089700000| Untracked 
| 102|0x0000000089800000, 0x0000000089800000, 0x0000000089900000|  0%| F|  |TAMS 0x0000000089800000| PB 0x0000000089800000| Untracked 
| 103|0x0000000089900000, 0x0000000089900000, 0x0000000089a00000|  0%| F|  |TAMS 0x0000000089900000| PB 0x0000000089900000| Untracked 
| 104|0x0000000089a00000, 0x0000000089ac3838, 0x0000000089b00000| 76%| E|  |TAMS 0x0000000089a00000| PB 0x0000000089a00000| Complete 
| 105|0x0000000089b00000, 0x0000000089c00000, 0x0000000089c00000|100%| E|CS|TAMS 0x0000000089b00000| PB 0x0000000089b00000| Complete 
| 106|0x0000000089c00000, 0x0000000089d00000, 0x0000000089d00000|100%| E|CS|TAMS 0x0000000089c00000| PB 0x0000000089c00000| Complete 
| 107|0x0000000089d00000, 0x0000000089e00000, 0x0000000089e00000|100%| E|CS|TAMS 0x0000000089d00000| PB 0x0000000089d00000| Complete 
| 108|0x0000000089e00000, 0x0000000089f00000, 0x0000000089f00000|100%| E|CS|TAMS 0x0000000089e00000| PB 0x0000000089e00000| Complete 
| 109|0x0000000089f00000, 0x000000008a000000, 0x000000008a000000|100%| E|CS|TAMS 0x0000000089f00000| PB 0x0000000089f00000| Complete 
| 110|0x000000008a000000, 0x000000008a100000, 0x000000008a100000|100%| E|CS|TAMS 0x000000008a000000| PB 0x000000008a000000| Complete 
| 111|0x000000008a100000, 0x000000008a200000, 0x000000008a200000|100%| E|CS|TAMS 0x000000008a100000| PB 0x000000008a100000| Complete 
| 112|0x000000008a200000, 0x000000008a300000, 0x000000008a300000|100%| E|CS|TAMS 0x000000008a200000| PB 0x000000008a200000| Complete 
| 113|0x000000008a300000, 0x000000008a400000, 0x000000008a400000|100%| E|CS|TAMS 0x000000008a300000| PB 0x000000008a300000| Complete 
| 114|0x000000008a400000, 0x000000008a500000, 0x000000008a500000|100%| E|CS|TAMS 0x000000008a400000| PB 0x000000008a400000| Complete 
| 115|0x000000008a500000, 0x000000008a600000, 0x000000008a600000|100%| E|CS|TAMS 0x000000008a500000| PB 0x000000008a500000| Complete 
| 116|0x000000008a600000, 0x000000008a700000, 0x000000008a700000|100%| E|CS|TAMS 0x000000008a600000| PB 0x000000008a600000| Complete 
| 117|0x000000008a700000, 0x000000008a800000, 0x000000008a800000|100%| E|CS|TAMS 0x000000008a700000| PB 0x000000008a700000| Complete 
| 118|0x000000008a800000, 0x000000008a900000, 0x000000008a900000|100%| E|CS|TAMS 0x000000008a800000| PB 0x000000008a800000| Complete 
| 119|0x000000008a900000, 0x000000008aa00000, 0x000000008aa00000|100%| E|CS|TAMS 0x000000008a900000| PB 0x000000008a900000| Complete 
| 120|0x000000008aa00000, 0x000000008ab00000, 0x000000008ab00000|100%| E|CS|TAMS 0x000000008aa00000| PB 0x000000008aa00000| Complete 
| 121|0x000000008ab00000, 0x000000008ac00000, 0x000000008ac00000|100%| E|CS|TAMS 0x000000008ab00000| PB 0x000000008ab00000| Complete 
| 122|0x000000008ac00000, 0x000000008ad00000, 0x000000008ad00000|100%| E|CS|TAMS 0x000000008ac00000| PB 0x000000008ac00000| Complete 
| 123|0x000000008ad00000, 0x000000008ae00000, 0x000000008ae00000|100%| E|CS|TAMS 0x000000008ad00000| PB 0x000000008ad00000| Complete 
| 124|0x000000008ae00000, 0x000000008af00000, 0x000000008af00000|100%| E|CS|TAMS 0x000000008ae00000| PB 0x000000008ae00000| Complete 
| 125|0x000000008af00000, 0x000000008b000000, 0x000000008b000000|100%| E|CS|TAMS 0x000000008af00000| PB 0x000000008af00000| Complete 

Card table byte_map: [0x0000017a7d8d0000,0x0000017a7dcc0000] _byte_map_base: 0x0000017a7d4b7000

Marking Bits: (CMBitMap*) 0x0000017a74dab730
 Bits: [0x0000017a7dcc0000, 0x0000017a7fbf8000)

Polling page: 0x0000017a72cf0000

Metaspace:

Usage:
  Non-class:     15.46 MB used.
      Class:      2.50 MB used.
       Both:     17.95 MB used.

Virtual space:
  Non-class space:       64.00 MB reserved,      15.69 MB ( 25%) committed,  1 nodes.
      Class space:        1.00 GB reserved,       2.69 MB ( <1%) committed,  1 nodes.
             Both:        1.06 GB reserved,      18.38 MB (  2%) committed. 

Chunk freelists:
   Non-Class:  15.92 MB
       Class:  13.16 MB
        Both:  29.08 MB

MaxMetaspaceSize: unlimited
CompressedClassSpaceSize: 1.00 GB
Initial GC threshold: 21.00 MB
Current GC threshold: 21.00 MB
CDS: on
 - commit_granule_bytes: 65536.
 - commit_granule_words: 8192.
 - virtual_space_node_default_size: 8388608.
 - enlarge_chunks_in_place: 1.
 - use_allocation_guard: 0.


Internal statistics:

num_allocs_failed_limit: 0.
num_arena_births: 370.
num_arena_deaths: 0.
num_vsnodes_births: 2.
num_vsnodes_deaths: 0.
num_space_committed: 294.
num_space_uncommitted: 0.
num_chunks_returned_to_freelist: 0.
num_chunks_taken_from_freelist: 989.
num_chunk_merges: 0.
num_chunk_splits: 675.
num_chunks_enlarged: 490.
num_inconsistent_stats: 0.

CodeHeap 'non-profiled nmethods': size=120000Kb used=927Kb max_used=927Kb free=119073Kb
 bounds [0x0000017a07ad0000, 0x0000017a07d40000, 0x0000017a0f000000]
CodeHeap 'profiled nmethods': size=120000Kb used=4522Kb max_used=4522Kb free=115477Kb
 bounds [0x0000017a00000000, 0x0000017a00470000, 0x0000017a07530000]
CodeHeap 'non-nmethods': size=5760Kb used=2075Kb max_used=2094Kb free=3684Kb
 bounds [0x0000017a07530000, 0x0000017a077a0000, 0x0000017a07ad0000]
 total_blobs=3303 nmethods=2461 adapters=746
 compilation: enabled
              stopped_count=0, restarted_count=0
 full_count=0

Compilation events (20 events):
Event: 811.505 Thread 0x0000017a11730190 2454       1       com.sun.javafx.sg.prism.NGNode::getOpacity (5 bytes)
Event: 811.505 Thread 0x0000017a11730190 nmethod 2454 0x0000017a07bb6710 code [0x0000017a07bb68a0, 0x0000017a07bb6968]
Event: 811.507 Thread 0x0000017a11730190 2455       3       com.sun.prism.d3d.D3DShader::checkTmpFloatBuf (21 bytes)
Event: 811.509 Thread 0x0000017a11730190 nmethod 2455 0x0000017a00469290 code [0x0000017a004694a0, 0x0000017a004699c8]
Event: 811.509 Thread 0x0000017a11730190 2462       3       com.sun.javafx.geom.transform.AffineBase::updateState2D (210 bytes)
Event: 811.509 Thread 0x0000017a11730190 nmethod 2462 0x0000017a00469b90 code [0x0000017a00469e40, 0x0000017a0046a620]
Event: 811.509 Thread 0x0000017a11730190 2464       3       com.sun.javafx.geom.transform.AffineBase::updateState (5 bytes)
Event: 811.510 Thread 0x0000017a11730190 nmethod 2464 0x0000017a0046a690 code [0x0000017a0046a840, 0x0000017a0046aa00]
Event: 811.510 Thread 0x0000017a11730190 2456       1       com.sun.prism.impl.BaseGraphics::setState3D (6 bytes)
Event: 811.510 Thread 0x0000017a11730190 nmethod 2456 0x0000017a07bb6a10 code [0x0000017a07bb6ba0, 0x0000017a07bb6c70]
Event: 811.510 Thread 0x0000017a11730190 2457       1       com.sun.prism.impl.BaseGraphics::hasPreCullingBits (5 bytes)
Event: 811.510 Thread 0x0000017a11730190 nmethod 2457 0x0000017a07bb6d10 code [0x0000017a07bb6ea0, 0x0000017a07bb6f70]
Event: 811.510 Thread 0x0000017a11730190 2458       1       com.sun.javafx.sg.prism.NGNode::isDepthTest (5 bytes)
Event: 811.510 Thread 0x0000017a11730190 nmethod 2458 0x0000017a07bb7010 code [0x0000017a07bb71a0, 0x0000017a07bb7270]
Event: 811.510 Thread 0x0000017a11730190 2459       1       com.sun.javafx.sg.prism.NGNode::getNodeBlendMode (5 bytes)
Event: 811.510 Thread 0x0000017a11730190 nmethod 2459 0x0000017a07bb7310 code [0x0000017a07bb74a0, 0x0000017a07bb7568]
Event: 811.510 Thread 0x0000017a11730190 2460       1       com.sun.javafx.sg.prism.NGNode::getCacheFilter (5 bytes)
Event: 811.511 Thread 0x0000017a11730190 nmethod 2460 0x0000017a07bb7610 code [0x0000017a07bb77a0, 0x0000017a07bb7868]
Event: 811.511 Thread 0x0000017a11730190 2461       1       com.sun.javafx.sg.prism.NGNode::getEffectFilter (5 bytes)
Event: 811.511 Thread 0x0000017a11730190 nmethod 2461 0x0000017a07bb7910 code [0x0000017a07bb7aa0, 0x0000017a07bb7b68]

GC Heap History (4 events):
Event: 0.615 GC heap before
{Heap before GC invocations=0 (full 0):
 garbage-first heap   total 129024K, used 22528K [0x0000000083200000, 0x0000000100000000)
  region size 1024K, 23 young (23552K), 0 survivors (0K)
 Metaspace       used 4097K, committed 4288K, reserved 1114112K
  class space    used 481K, committed 576K, reserved 1048576K
}
Event: 0.620 GC heap after
{Heap after GC invocations=1 (full 0):
 garbage-first heap   total 129024K, used 2703K [0x0000000083200000, 0x0000000100000000)
  region size 1024K, 3 young (3072K), 3 survivors (3072K)
 Metaspace       used 4097K, committed 4288K, reserved 1114112K
  class space    used 481K, committed 576K, reserved 1048576K
}
Event: 1.668 GC heap before
{Heap before GC invocations=1 (full 0):
 garbage-first heap   total 129024K, used 36495K [0x0000000083200000, 0x0000000100000000)
  region size 1024K, 37 young (37888K), 3 survivors (3072K)
 Metaspace       used 13986K, committed 14336K, reserved 1114112K
  class space    used 1800K, committed 1920K, reserved 1048576K
}
Event: 1.674 GC heap after
{Heap after GC invocations=2 (full 0):
 garbage-first heap   total 129024K, used 7783K [0x0000000083200000, 0x0000000100000000)
  region size 1024K, 5 young (5120K), 5 survivors (5120K)
 Metaspace       used 13986K, committed 14336K, reserved 1114112K
  class space    used 1800K, committed 1920K, reserved 1048576K
}

Dll operation events (20 events):
Event: 0.354 Loaded shared library C:\Users\lenovo\.openjfx\cache\17\api-ms-win-crt-heap-l1-1-0.dll
Event: 0.356 Loaded shared library C:\Users\lenovo\.openjfx\cache\17\api-ms-win-crt-locale-l1-1-0.dll
Event: 0.358 Loaded shared library C:\Users\lenovo\.openjfx\cache\17\api-ms-win-crt-math-l1-1-0.dll
Event: 0.360 Loaded shared library C:\Users\lenovo\.openjfx\cache\17\api-ms-win-crt-multibyte-l1-1-0.dll
Event: 0.363 Loaded shared library C:\Users\lenovo\.openjfx\cache\17\api-ms-win-crt-private-l1-1-0.dll
Event: 0.366 Loaded shared library C:\Users\lenovo\.openjfx\cache\17\api-ms-win-crt-process-l1-1-0.dll
Event: 0.368 Loaded shared library C:\Users\lenovo\.openjfx\cache\17\api-ms-win-crt-runtime-l1-1-0.dll
Event: 0.371 Loaded shared library C:\Users\lenovo\.openjfx\cache\17\api-ms-win-crt-stdio-l1-1-0.dll
Event: 0.373 Loaded shared library C:\Users\lenovo\.openjfx\cache\17\api-ms-win-crt-string-l1-1-0.dll
Event: 0.375 Loaded shared library C:\Users\lenovo\.openjfx\cache\17\api-ms-win-crt-time-l1-1-0.dll
Event: 0.377 Loaded shared library C:\Users\lenovo\.openjfx\cache\17\api-ms-win-crt-utility-l1-1-0.dll
Event: 0.390 Loaded shared library C:\Users\lenovo\.openjfx\cache\17\ucrtbase.dll
Event: 0.393 Loaded shared library C:\Users\lenovo\.openjfx\cache\17\vcruntime140.dll
Event: 0.396 Loaded shared library C:\Users\lenovo\.openjfx\cache\17\vcruntime140_1.dll
Event: 0.404 Loaded shared library C:\Users\lenovo\.openjfx\cache\17\msvcp140.dll
Event: 0.449 Loaded shared library C:\Users\lenovo\.openjfx\cache\17\prism_d3d.dll
Event: 0.500 Loaded shared library C:\Users\lenovo\.openjfx\cache\17\glass.dll
Event: 0.607 Loaded shared library C:\Users\lenovo\.jdks\openjdk-21.0.2\bin\jimage.dll
Event: 0.834 Loaded shared library C:\Users\lenovo\.jdks\openjdk-21.0.2\bin\extnet.dll
Event: 1.088 Loaded shared library C:\Users\lenovo\.openjfx\cache\17\javafx_font.dll

Deoptimization events (20 events):
Event: 31.497 Thread 0x0000017a572abbf0 DEOPT PACKING pc=0x0000017a00426f7d sp=0x0000004c52ffdb20
Event: 31.497 Thread 0x0000017a572abbf0 DEOPT UNPACKING pc=0x0000017a075888e2 sp=0x0000004c52ffcf78 mode 0
Event: 31.498 Thread 0x0000017a572abbf0 DEOPT PACKING pc=0x0000017a00426f7d sp=0x0000004c52ffdb20
Event: 31.498 Thread 0x0000017a572abbf0 DEOPT UNPACKING pc=0x0000017a075888e2 sp=0x0000004c52ffcf78 mode 0
Event: 31.499 Thread 0x0000017a572abbf0 DEOPT PACKING pc=0x0000017a00426f7d sp=0x0000004c52ffdb20
Event: 31.499 Thread 0x0000017a572abbf0 DEOPT UNPACKING pc=0x0000017a075888e2 sp=0x0000004c52ffcf78 mode 0
Event: 31.499 Thread 0x0000017a572abbf0 DEOPT PACKING pc=0x0000017a00426f7d sp=0x0000004c52ffdb20
Event: 31.499 Thread 0x0000017a572abbf0 DEOPT UNPACKING pc=0x0000017a075888e2 sp=0x0000004c52ffcf78 mode 0
Event: 31.499 Thread 0x0000017a572abbf0 DEOPT PACKING pc=0x0000017a00426f7d sp=0x0000004c52ffdb20
Event: 31.499 Thread 0x0000017a572abbf0 DEOPT UNPACKING pc=0x0000017a075888e2 sp=0x0000004c52ffcf78 mode 0
Event: 31.502 Thread 0x0000017a572abbf0 DEOPT PACKING pc=0x0000017a00426f7d sp=0x0000004c52ffde00
Event: 31.502 Thread 0x0000017a572abbf0 DEOPT UNPACKING pc=0x0000017a075888e2 sp=0x0000004c52ffd258 mode 0
Event: 811.350 Thread 0x0000017a575d7f80 Uncommon trap: trap_request=0xffffff45 fr.pc=0x0000017a07bb053c relative=0x000000000000057c
Event: 811.351 Thread 0x0000017a575d7f80 Uncommon trap: reason=unstable_if action=reinterpret pc=0x0000017a07bb053c method=com.sun.javafx.tk.quantum.QuantumToolkit.postPulse()V @ 88 c2
Event: 811.351 Thread 0x0000017a575d7f80 DEOPT PACKING pc=0x0000017a07bb053c sp=0x0000004c535ff060
Event: 811.351 Thread 0x0000017a575d7f80 DEOPT UNPACKING pc=0x0000017a07587da2 sp=0x0000004c535fef80 mode 2
Event: 811.351 Thread 0x0000017a575d7f80 Uncommon trap: trap_request=0xffffff45 fr.pc=0x0000017a07baf790 relative=0x0000000000000570
Event: 811.351 Thread 0x0000017a575d7f80 Uncommon trap: reason=unstable_if action=reinterpret pc=0x0000017a07baf790 method=com.sun.javafx.tk.quantum.QuantumToolkit.postPulse()V @ 88 c2
Event: 811.351 Thread 0x0000017a575d7f80 DEOPT PACKING pc=0x0000017a07baf790 sp=0x0000004c535fefa0
Event: 811.351 Thread 0x0000017a575d7f80 DEOPT UNPACKING pc=0x0000017a07587da2 sp=0x0000004c535fef78 mode 2

Classes loaded (20 events):
Event: 2.023 Loading class java/util/concurrent/ConcurrentLinkedQueue$Node
Event: 2.023 Loading class java/util/concurrent/ConcurrentLinkedQueue$Node done
Event: 2.024 Loading class jdk/internal/ref/CleanerImpl$InnocuousThreadFactory
Event: 2.024 Loading class jdk/internal/ref/CleanerImpl$InnocuousThreadFactory done
Event: 2.030 Loading class sun/misc/Unsafe
Event: 2.031 Loading class sun/misc/Unsafe done
Event: 2.033 Loading class java/lang/invoke/DirectMethodHandle$StaticAccessor
Event: 2.033 Loading class java/lang/invoke/DirectMethodHandle$StaticAccessor done
Event: 2.065 Loading class java/nio/ShortBuffer
Event: 2.065 Loading class java/nio/ShortBuffer done
Event: 2.065 Loading class java/nio/FloatBuffer
Event: 2.065 Loading class java/nio/FloatBuffer done
Event: 2.065 Loading class java/nio/DoubleBuffer
Event: 2.065 Loading class java/nio/DoubleBuffer done
Event: 2.066 Loading class java/nio/DirectFloatBufferU
Event: 2.066 Loading class java/nio/DirectFloatBufferU done
Event: 2.071 Loading class java/lang/FdLibm$Atan2
Event: 2.071 Loading class java/lang/FdLibm$Atan2 done
Event: 2.071 Loading class java/lang/FdLibm
Event: 2.071 Loading class java/lang/FdLibm done

Classes unloaded (0 events):
No events

Classes redefined (0 events):
No events

Internal exceptions (20 events):
Event: 1.413 Thread 0x0000017a5732c220 Exception <a 'java/lang/NoSuchMethodError'{0x00000000895f9b78}: 'int java.lang.invoke.DirectMethodHandle$Holder.invokeSpecial(java.lang.Object, java.lang.Object, java.lang.Object)'> (0x00000000895f9b78) 
thrown [s\open\src\hotspot\share\interpreter\linkResolver.cpp, line 773]
Event: 1.417 Thread 0x0000017a5732c220 Exception <a 'java/lang/NoSuchMethodError'{0x000000008940da70}: 'void java.lang.invoke.DirectMethodHandle$Holder.invokeSpecial(java.lang.Object, java.lang.Object, double)'> (0x000000008940da70) 
thrown [s\open\src\hotspot\share\interpreter\linkResolver.cpp, line 773]
Event: 1.418 Thread 0x0000017a5732c220 Exception <a 'java/lang/NoSuchMethodError'{0x0000000089414788}: 'void java.lang.invoke.DelegatingMethodHandle$Holder.reinvoke_L(java.lang.Object, java.lang.Object, double)'> (0x0000000089414788) 
thrown [s\open\src\hotspot\share\interpreter\linkResolver.cpp, line 773]
Event: 1.419 Thread 0x0000017a5732c220 Exception <a 'java/lang/NoSuchMethodError'{0x0000000089422040}: 'void java.lang.invoke.DirectMethodHandle$Holder.invokeSpecial(java.lang.Object, java.lang.Object, int)'> (0x0000000089422040) 
thrown [s\open\src\hotspot\share\interpreter\linkResolver.cpp, line 773]
Event: 1.420 Thread 0x0000017a5732c220 Exception <a 'java/lang/NoSuchMethodError'{0x0000000089425dc0}: 'int java.lang.invoke.DirectMethodHandle$Holder.invokeSpecial(java.lang.Object, java.lang.Object, java.lang.Object, int)'> (0x0000000089425dc0) 
thrown [s\open\src\hotspot\share\interpreter\linkResolver.cpp, line 773]
Event: 1.421 Thread 0x0000017a5732c220 Exception <a 'java/lang/NoSuchMethodError'{0x000000008942fd40}: 'void java.lang.invoke.DelegatingMethodHandle$Holder.reinvoke_L(java.lang.Object, java.lang.Object, int)'> (0x000000008942fd40) 
thrown [s\open\src\hotspot\share\interpreter\linkResolver.cpp, line 773]
Event: 1.529 Thread 0x0000017a5732c220 Exception <a 'java/lang/NoSuchMethodError'{0x00000000893e23c0}: 'void java.lang.invoke.Invokers$Holder.invokeExact_MT(java.lang.Object, java.lang.Object, java.lang.Object, java.lang.Object)'> (0x00000000893e23c0) 
thrown [s\open\src\hotspot\share\interpreter\linkResolver.cpp, line 773]
Event: 1.614 Thread 0x0000017a5732c220 Exception <a 'java/lang/NoSuchMethodError'{0x00000000890eacb0}: 'void java.lang.invoke.DirectMethodHandle$Holder.invokeVirtual(java.lang.Object, java.lang.Object)'> (0x00000000890eacb0) 
thrown [s\open\src\hotspot\share\interpreter\linkResolver.cpp, line 773]
Event: 1.634 Thread 0x0000017a5732c220 Implicit null exception at 0x0000017a07b2c8e6 to 0x0000017a07b2c98a
Event: 1.644 Thread 0x0000017a5732c220 Implicit null exception at 0x0000017a07b5b7bc to 0x0000017a07b5ba68
Event: 1.644 Thread 0x0000017a5732c220 Implicit null exception at 0x0000017a07b4d4ba to 0x0000017a07b4d760
Event: 1.645 Thread 0x0000017a5732c220 Implicit null exception at 0x0000017a07b2bdbd to 0x0000017a07b2be41
Event: 1.782 Thread 0x0000017a5732c220 Exception <a 'java/lang/NoSuchMethodError'{0x000000008aa4e9d0}: 'java.lang.Object java.lang.invoke.DirectMethodHandle$Holder.invokeInterface(java.lang.Object, java.lang.Object, java.lang.Object)'> (0x000000008aa4e9d0) 
thrown [s\open\src\hotspot\share\interpreter\linkResolver.cpp, line 773]
Event: 1.782 Thread 0x0000017a5732c220 Exception <a 'java/lang/IncompatibleClassChangeError'{0x000000008aa51db8}: Found class java.lang.Object, but interface was expected> (0x000000008aa51db8) 
thrown [s\open\src\hotspot\share\interpreter\linkResolver.cpp, line 840]
Event: 1.833 Thread 0x0000017a5732c220 Exception <a 'java/lang/ClassNotFoundException'{0x000000008a715448}: com/sun/javafx/scene/control/skin/resources/controls> (0x000000008a715448) 
thrown [s\open\src\hotspot\share\prims\jni.cpp, line 539]
Event: 1.834 Thread 0x0000017a5732c220 Exception <a 'java/lang/ClassNotFoundException'{0x000000008a7231b8}: com/sun/javafx/scene/control/skin/resources/controls_fr> (0x000000008a7231b8) 
thrown [s\open\src\hotspot\share\prims\jni.cpp, line 539]
Event: 1.834 Thread 0x0000017a5732c220 Exception <a 'java/lang/ClassNotFoundException'{0x000000008a730cb8}: com/sun/javafx/scene/control/skin/resources/controls_fr_FR> (0x000000008a730cb8) 
thrown [s\open\src\hotspot\share\prims\jni.cpp, line 539]
Event: 1.913 Thread 0x0000017a5732c220 Exception <a 'java/lang/NoSuchMethodError'{0x000000008a375508}: 'int java.lang.invoke.DirectMethodHandle$Holder.invokeSpecial(java.lang.Object, java.lang.Object, int)'> (0x000000008a375508) 
thrown [s\open\src\hotspot\share\interpreter\linkResolver.cpp, line 773]
Event: 1.951 Thread 0x0000017a5732c220 Exception <a 'java/lang/NoSuchMethodError'{0x000000008a0e0ff0}: 'java.lang.Object java.lang.invoke.DirectMethodHandle$Holder.newInvokeSpecial(java.lang.Object, java.lang.Object, int)'> (0x000000008a0e0ff0) 
thrown [s\open\src\hotspot\share\interpreter\linkResolver.cpp, line 773]
Event: 1.993 Thread 0x0000017a572abbf0 Exception <a 'java/lang/NoSuchMethodError'{0x0000000089e8f790}: 'int java.lang.invoke.DirectMethodHandle$Holder.invokeStaticInit(java.lang.Object, java.lang.Object)'> (0x0000000089e8f790) 
thrown [s\open\src\hotspot\share\interpreter\linkResolver.cpp, line 773]

ZGC Phase Switch (0 events):
No events

VM Operations (20 events):
Event: 1.352 Executing VM operation: HandshakeAllThreads (Deoptimize)
Event: 1.352 Executing VM operation: HandshakeAllThreads (Deoptimize) done
Event: 1.407 Executing VM operation: HandshakeAllThreads (Deoptimize)
Event: 1.407 Executing VM operation: HandshakeAllThreads (Deoptimize) done
Event: 1.410 Executing VM operation: HandshakeAllThreads (Deoptimize)
Event: 1.410 Executing VM operation: HandshakeAllThreads (Deoptimize) done
Event: 1.530 Executing VM operation: ICBufferFull
Event: 1.530 Executing VM operation: ICBufferFull done
Event: 1.668 Executing VM operation: G1CollectForAllocation (G1 Evacuation Pause)
Event: 1.674 Executing VM operation: G1CollectForAllocation (G1 Evacuation Pause) done
Event: 1.938 Executing VM operation: ICBufferFull
Event: 1.938 Executing VM operation: ICBufferFull done
Event: 2.938 Executing VM operation: Cleanup
Event: 2.938 Executing VM operation: Cleanup done
Event: 31.950 Executing VM operation: Cleanup
Event: 31.950 Executing VM operation: Cleanup done
Event: 60.164 Executing VM operation: HandshakeAllThreads (HandshakeForDeflation)
Event: 60.164 Executing VM operation: HandshakeAllThreads (HandshakeForDeflation) done
Event: 60.164 Executing VM operation: RendezvousGCThreads
Event: 60.164 Executing VM operation: RendezvousGCThreads done

Events (19 events):
Event: 0.023 Thread 0x0000017a72abd2f0 Thread added: 0x0000017a72abd2f0
Event: 0.035 Thread 0x0000017a11716620 Thread added: 0x0000017a11716620
Event: 0.035 Thread 0x0000017a11719540 Thread added: 0x0000017a11719540
Event: 0.035 Thread 0x0000017a1171bda0 Thread added: 0x0000017a1171bda0
Event: 0.035 Thread 0x0000017a1171c8f0 Thread added: 0x0000017a1171c8f0
Event: 0.035 Thread 0x0000017a1171d570 Thread added: 0x0000017a1171d570
Event: 0.036 Thread 0x0000017a117260d0 Thread added: 0x0000017a117260d0
Event: 0.036 Thread 0x0000017a1172c6c0 Thread added: 0x0000017a1172c6c0
Event: 0.036 Thread 0x0000017a11730190 Thread added: 0x0000017a11730190
Event: 0.057 Thread 0x0000017a119b0b80 Thread added: 0x0000017a119b0b80
Event: 0.159 Thread 0x0000017a11b90200 Thread added: 0x0000017a11b90200
Event: 0.439 Thread 0x0000017a572abbf0 Thread added: 0x0000017a572abbf0
Event: 0.502 Thread 0x0000017a5732b040 Thread added: 0x0000017a5732b040
Event: 0.504 Thread 0x0000017a5732c220 Thread added: 0x0000017a5732c220
Event: 0.577 Thread 0x0000017a5754ca50 Thread added: 0x0000017a5754ca50
Event: 0.589 Thread 0x0000017a575d7f80 Thread added: 0x0000017a575d7f80
Event: 0.699 Thread 0x0000017a575e6300 Thread added: 0x0000017a575e6300
Event: 1.776 Thread 0x0000017a575e5c70 Thread added: 0x0000017a575e5c70
Event: 2.025 Thread 0x0000017a575e76b0 Thread added: 0x0000017a575e76b0


Dynamic libraries:
0x00007ff6d44f0000 - 0x00007ff6d44fe000 	C:\Users\lenovo\.jdks\openjdk-21.0.2\bin\java.exe
0x00007ff92ead0000 - 0x00007ff92ece7000 	C:\WINDOWS\SYSTEM32\ntdll.dll
0x00007ff92cb60000 - 0x00007ff92cc24000 	C:\WINDOWS\System32\KERNEL32.DLL
0x00007ff92c470000 - 0x00007ff92c816000 	C:\WINDOWS\System32\KERNELBASE.dll
0x00007ff92c350000 - 0x00007ff92c461000 	C:\WINDOWS\System32\ucrtbase.dll
0x00007ff916610000 - 0x00007ff916628000 	C:\Users\lenovo\.jdks\openjdk-21.0.2\bin\jli.dll
0x00007ff9191e0000 - 0x00007ff9191fb000 	C:\Users\lenovo\.jdks\openjdk-21.0.2\bin\VCRUNTIME140.dll
0x00007ff92cf80000 - 0x00007ff92d12e000 	C:\WINDOWS\System32\USER32.dll
0x00007ff92be40000 - 0x00007ff92be66000 	C:\WINDOWS\System32\win32u.dll
0x00007ff918b60000 - 0x00007ff918df3000 	C:\WINDOWS\WinSxS\amd64_microsoft.windows.common-controls_6595b64144ccf1df_6.0.22621.2506_none_270c5ae97388e100\COMCTL32.dll
0x00007ff92e000000 - 0x00007ff92e0a7000 	C:\WINDOWS\System32\msvcrt.dll
0x00007ff92db50000 - 0x00007ff92db79000 	C:\WINDOWS\System32\GDI32.dll
0x00007ff92be70000 - 0x00007ff92bf88000 	C:\WINDOWS\System32\gdi32full.dll
0x00007ff92c080000 - 0x00007ff92c11a000 	C:\WINDOWS\System32\msvcp_win.dll
0x00007ff92c880000 - 0x00007ff92c8b1000 	C:\WINDOWS\System32\IMM32.DLL
0x00007ff9166d0000 - 0x00007ff9166dc000 	C:\Users\lenovo\.jdks\openjdk-21.0.2\bin\vcruntime140_1.dll
0x00007ff912dc0000 - 0x00007ff912e4e000 	C:\Users\lenovo\.jdks\openjdk-21.0.2\bin\msvcp140.dll
0x00007ff8eb820000 - 0x00007ff8ec537000 	C:\Users\lenovo\.jdks\openjdk-21.0.2\bin\server\jvm.dll
0x00007ff92dcf0000 - 0x00007ff92dda3000 	C:\WINDOWS\System32\ADVAPI32.dll
0x00007ff92ced0000 - 0x00007ff92cf78000 	C:\WINDOWS\System32\sechost.dll
0x00007ff92be10000 - 0x00007ff92be38000 	C:\WINDOWS\System32\bcrypt.dll
0x00007ff92d130000 - 0x00007ff92d247000 	C:\WINDOWS\System32\RPCRT4.dll
0x00007ff92db80000 - 0x00007ff92dbf1000 	C:\WINDOWS\System32\WS2_32.dll
0x00007ff92ad40000 - 0x00007ff92ad8d000 	C:\WINDOWS\SYSTEM32\POWRPROF.dll
0x00007ff923c40000 - 0x00007ff923c4a000 	C:\WINDOWS\SYSTEM32\VERSION.dll
0x00007ff924950000 - 0x00007ff924984000 	C:\WINDOWS\SYSTEM32\WINMM.dll
0x00007ff92acc0000 - 0x00007ff92acd3000 	C:\WINDOWS\SYSTEM32\UMPDC.dll
0x00007ff92af40000 - 0x00007ff92af58000 	C:\WINDOWS\SYSTEM32\kernel.appcore.dll
0x00007ff916600000 - 0x00007ff91660a000 	C:\Users\lenovo\.jdks\openjdk-21.0.2\bin\jimage.dll
0x00007ff929740000 - 0x00007ff929973000 	C:\WINDOWS\SYSTEM32\DBGHELP.DLL
0x00007ff92e6b0000 - 0x00007ff92ea39000 	C:\WINDOWS\System32\combase.dll
0x00007ff92dc10000 - 0x00007ff92dce7000 	C:\WINDOWS\System32\OLEAUT32.dll
0x00007ff910110000 - 0x00007ff910142000 	C:\WINDOWS\SYSTEM32\dbgcore.DLL
0x00007ff92c000000 - 0x00007ff92c07a000 	C:\WINDOWS\System32\bcryptPrimitives.dll
0x00007ff914da0000 - 0x00007ff914dbf000 	C:\Users\lenovo\.jdks\openjdk-21.0.2\bin\java.dll
0x00007ff92d250000 - 0x00007ff92daab000 	C:\WINDOWS\System32\SHELL32.dll
0x00007ff929d70000 - 0x00007ff92a666000 	C:\WINDOWS\SYSTEM32\windows.storage.dll
0x00007ff929c30000 - 0x00007ff929d6e000 	C:\WINDOWS\SYSTEM32\wintypes.dll
0x00007ff92ca60000 - 0x00007ff92cb53000 	C:\WINDOWS\System32\SHCORE.dll
0x00007ff92c820000 - 0x00007ff92c87e000 	C:\WINDOWS\System32\shlwapi.dll
0x00007ff92bd40000 - 0x00007ff92bd66000 	C:\WINDOWS\SYSTEM32\profapi.dll
0x00007ff8f45a0000 - 0x00007ff8f4677000 	C:\Users\lenovo\.jdks\openjdk-21.0.2\bin\jsvml.dll
0x00007ff9165f0000 - 0x00007ff916600000 	C:\Users\lenovo\.jdks\openjdk-21.0.2\bin\net.dll
0x00007ff925eb0000 - 0x00007ff925fe7000 	C:\WINDOWS\SYSTEM32\WINHTTP.dll
0x00007ff92b3c0000 - 0x00007ff92b429000 	C:\WINDOWS\system32\mswsock.dll
0x00007ff912fe0000 - 0x00007ff912ff6000 	C:\Users\lenovo\.jdks\openjdk-21.0.2\bin\nio.dll
0x00007ff912f80000 - 0x00007ff912f98000 	C:\Users\lenovo\.jdks\openjdk-21.0.2\bin\zip.dll
0x0000017a11cc0000 - 0x0000017a11cc3000 	C:\Users\lenovo\.openjfx\cache\17\api-ms-win-core-console-l1-1-0.dll
0x0000017a11cd0000 - 0x0000017a11cd3000 	C:\Users\lenovo\.openjfx\cache\17\api-ms-win-core-console-l1-2-0.dll
0x0000017a11ce0000 - 0x0000017a11ce3000 	C:\Users\lenovo\.openjfx\cache\17\api-ms-win-core-datetime-l1-1-0.dll
0x0000017a11cf0000 - 0x0000017a11cf3000 	C:\Users\lenovo\.openjfx\cache\17\api-ms-win-core-debug-l1-1-0.dll
0x0000017a11d00000 - 0x0000017a11d03000 	C:\Users\lenovo\.openjfx\cache\17\api-ms-win-core-errorhandling-l1-1-0.dll
0x0000017a11d10000 - 0x0000017a11d14000 	C:\Users\lenovo\.openjfx\cache\17\api-ms-win-core-file-l1-1-0.dll
0x0000017a11d20000 - 0x0000017a11d23000 	C:\Users\lenovo\.openjfx\cache\17\api-ms-win-core-file-l1-2-0.dll
0x0000017a11d30000 - 0x0000017a11d33000 	C:\Users\lenovo\.openjfx\cache\17\api-ms-win-core-file-l2-1-0.dll
0x0000017a11d40000 - 0x0000017a11d43000 	C:\Users\lenovo\.openjfx\cache\17\api-ms-win-core-handle-l1-1-0.dll
0x0000017a11d50000 - 0x0000017a11d53000 	C:\Users\lenovo\.openjfx\cache\17\api-ms-win-core-heap-l1-1-0.dll
0x0000017a11d60000 - 0x0000017a11d63000 	C:\Users\lenovo\.openjfx\cache\17\api-ms-win-core-interlocked-l1-1-0.dll
0x0000017a11d70000 - 0x0000017a11d73000 	C:\Users\lenovo\.openjfx\cache\17\api-ms-win-core-libraryloader-l1-1-0.dll
0x0000017a11d80000 - 0x0000017a11d83000 	C:\Users\lenovo\.openjfx\cache\17\api-ms-win-core-localization-l1-2-0.dll
0x0000017a11d90000 - 0x0000017a11d93000 	C:\Users\lenovo\.openjfx\cache\17\api-ms-win-core-memory-l1-1-0.dll
0x0000017a11da0000 - 0x0000017a11da3000 	C:\Users\lenovo\.openjfx\cache\17\api-ms-win-core-namedpipe-l1-1-0.dll
0x0000017a11db0000 - 0x0000017a11db3000 	C:\Users\lenovo\.openjfx\cache\17\api-ms-win-core-processenvironment-l1-1-0.dll
0x0000017a11dc0000 - 0x0000017a11dc3000 	C:\Users\lenovo\.openjfx\cache\17\api-ms-win-core-processthreads-l1-1-0.dll
0x0000017a11dd0000 - 0x0000017a11dd3000 	C:\Users\lenovo\.openjfx\cache\17\api-ms-win-core-processthreads-l1-1-1.dll
0x0000017a11de0000 - 0x0000017a11de3000 	C:\Users\lenovo\.openjfx\cache\17\api-ms-win-core-profile-l1-1-0.dll
0x0000017a11df0000 - 0x0000017a11df3000 	C:\Users\lenovo\.openjfx\cache\17\api-ms-win-core-rtlsupport-l1-1-0.dll
0x0000017a11e00000 - 0x0000017a11e03000 	C:\Users\lenovo\.openjfx\cache\17\api-ms-win-core-string-l1-1-0.dll
0x0000017a11e10000 - 0x0000017a11e13000 	C:\Users\lenovo\.openjfx\cache\17\api-ms-win-core-synch-l1-1-0.dll
0x0000017a11e20000 - 0x0000017a11e23000 	C:\Users\lenovo\.openjfx\cache\17\api-ms-win-core-synch-l1-2-0.dll
0x0000017a11e30000 - 0x0000017a11e33000 	C:\Users\lenovo\.openjfx\cache\17\api-ms-win-core-sysinfo-l1-1-0.dll
0x0000017a11e40000 - 0x0000017a11e43000 	C:\Users\lenovo\.openjfx\cache\17\api-ms-win-core-timezone-l1-1-0.dll
0x0000017a11e50000 - 0x0000017a11e53000 	C:\Users\lenovo\.openjfx\cache\17\api-ms-win-core-util-l1-1-0.dll
0x0000017a11e60000 - 0x0000017a11e63000 	C:\Users\lenovo\.openjfx\cache\17\api-ms-win-crt-conio-l1-1-0.dll
0x0000017a11e70000 - 0x0000017a11e74000 	C:\Users\lenovo\.openjfx\cache\17\api-ms-win-crt-convert-l1-1-0.dll
0x0000017a11e80000 - 0x0000017a11e83000 	C:\Users\lenovo\.openjfx\cache\17\api-ms-win-crt-environment-l1-1-0.dll
0x0000017a11e90000 - 0x0000017a11e93000 	C:\Users\lenovo\.openjfx\cache\17\api-ms-win-crt-filesystem-l1-1-0.dll
0x0000017a11ea0000 - 0x0000017a11ea3000 	C:\Users\lenovo\.openjfx\cache\17\api-ms-win-crt-heap-l1-1-0.dll
0x0000017a11eb0000 - 0x0000017a11eb3000 	C:\Users\lenovo\.openjfx\cache\17\api-ms-win-crt-locale-l1-1-0.dll
0x0000017a11ec0000 - 0x0000017a11ec5000 	C:\Users\lenovo\.openjfx\cache\17\api-ms-win-crt-math-l1-1-0.dll
0x0000017a11ed0000 - 0x0000017a11ed5000 	C:\Users\lenovo\.openjfx\cache\17\api-ms-win-crt-multibyte-l1-1-0.dll
0x0000017a11ee0000 - 0x0000017a11ef0000 	C:\Users\lenovo\.openjfx\cache\17\api-ms-win-crt-private-l1-1-0.dll
0x0000017a11ef0000 - 0x0000017a11ef3000 	C:\Users\lenovo\.openjfx\cache\17\api-ms-win-crt-process-l1-1-0.dll
0x0000017a11f00000 - 0x0000017a11f04000 	C:\Users\lenovo\.openjfx\cache\17\api-ms-win-crt-runtime-l1-1-0.dll
0x0000017a11f10000 - 0x0000017a11f14000 	C:\Users\lenovo\.openjfx\cache\17\api-ms-win-crt-stdio-l1-1-0.dll
0x0000017a11f20000 - 0x0000017a11f24000 	C:\Users\lenovo\.openjfx\cache\17\api-ms-win-crt-string-l1-1-0.dll
0x0000017a11f30000 - 0x0000017a11f33000 	C:\Users\lenovo\.openjfx\cache\17\api-ms-win-crt-time-l1-1-0.dll
0x0000017a11f40000 - 0x0000017a11f43000 	C:\Users\lenovo\.openjfx\cache\17\api-ms-win-crt-utility-l1-1-0.dll
0x00007ff8f3a20000 - 0x00007ff8f3b1c000 	C:\Users\lenovo\.openjfx\cache\17\ucrtbase.dll
0x00007ff9166f0000 - 0x00007ff91670a000 	C:\Users\lenovo\.openjfx\cache\17\vcruntime140.dll
0x00007ff9166e0000 - 0x00007ff9166ec000 	C:\Users\lenovo\.openjfx\cache\17\vcruntime140_1.dll
0x00007ff8f3360000 - 0x00007ff8f33ed000 	C:\Users\lenovo\.openjfx\cache\17\msvcp140.dll
0x00007ff908250000 - 0x00007ff90827a000 	C:\Users\lenovo\.openjfx\cache\17\prism_d3d.dll
0x00007ff921840000 - 0x00007ff9219e9000 	C:\WINDOWS\system32\d3d9.dll
0x00007ff9292f0000 - 0x00007ff92931b000 	C:\WINDOWS\SYSTEM32\dwmapi.dll
0x00007ff9290b0000 - 0x00007ff9290e9000 	C:\WINDOWS\SYSTEM32\dxcore.dll
0x00007ff928fb0000 - 0x00007ff92905b000 	C:\WINDOWS\system32\uxtheme.dll
0x00007ff8f1ef0000 - 0x00007ff8f2055000 	C:\WINDOWS\System32\DriverStore\FileRepository\iigd_dch.inf_amd64_4b31d9b38e2bb506\igdumdim64.dll
0x00007ff92c8c0000 - 0x00007ff92ca60000 	C:\WINDOWS\System32\ole32.dll
0x00007ff891de0000 - 0x00007ff895a6b000 	C:\WINDOWS\System32\DriverStore\FileRepository\iigd_dch.inf_amd64_4b31d9b38e2bb506\igd9dxva64.dll
0x00007ff92e0b0000 - 0x00007ff92e524000 	C:\WINDOWS\System32\SETUPAPI.dll
0x00007ff92bad0000 - 0x00007ff92bb1e000 	C:\WINDOWS\SYSTEM32\cfgmgr32.dll
0x00007ff922030000 - 0x00007ff922366000 	C:\WINDOWS\System32\DriverStore\FileRepository\iigd_dch.inf_amd64_4b31d9b38e2bb506\igdgmm64.dll
0x00007ff925760000 - 0x00007ff9257aa000 	C:\WINDOWS\SYSTEM32\directxdatabasehelper.dll
0x00007ff8f7c00000 - 0x00007ff8f7c42000 	C:\Users\lenovo\.openjfx\cache\17\glass.dll
0x00007ff92e530000 - 0x00007ff92e629000 	C:\WINDOWS\System32\COMDLG32.dll
0x00007ff92cd70000 - 0x00007ff92cec1000 	C:\WINDOWS\System32\MSCTF.dll
0x00007ff8d8940000 - 0x00007ff8d8967000 	C:\WINDOWS\System32\DriverStore\FileRepository\iigd_dch.inf_amd64_4b31d9b38e2bb506\igdinfo64.dll
0x00007ff91c280000 - 0x00007ff91f00f000 	C:\WINDOWS\System32\DriverStore\FileRepository\iigd_dch.inf_amd64_4b31d9b38e2bb506\igc64.dll
0x00007ff92a940000 - 0x00007ff92aa39000 	C:\WINDOWS\SYSTEM32\DNSAPI.dll
0x00007ff92a8d0000 - 0x00007ff92a8fd000 	C:\WINDOWS\SYSTEM32\IPHLPAPI.DLL
0x00007ff92dab0000 - 0x00007ff92dab9000 	C:\WINDOWS\System32\NSI.dll
0x00007ff9210b0000 - 0x00007ff9210ba000 	C:\Windows\System32\rasadhlp.dll
0x00007ff923d80000 - 0x00007ff923e03000 	C:\WINDOWS\System32\fwpuclnt.dll
0x00007ff912f70000 - 0x00007ff912f79000 	C:\Users\lenovo\.jdks\openjdk-21.0.2\bin\extnet.dll
0x00007ff914810000 - 0x00007ff914824000 	C:\Users\lenovo\.openjfx\cache\17\javafx_font.dll
0x00007ff927760000 - 0x00007ff9279d4000 	C:\WINDOWS\SYSTEM32\dwrite.dll
0x00007ff92ccc0000 - 0x00007ff92cd70000 	C:\WINDOWS\System32\clbcatq.dll
0x00007ff9271c0000 - 0x00007ff927370000 	C:\WINDOWS\SYSTEM32\WindowsCodecs.dll
0x00007ff909e70000 - 0x00007ff909ece000 	C:\WINDOWS\system32\dataexchange.dll
0x00007ff9257b0000 - 0x00007ff925a37000 	C:\WINDOWS\system32\twinapi.appcore.dll
0x00007ff9082c0000 - 0x00007ff9082f2000 	C:\Program Files\Common Files\Microsoft Shared\Ink\rtscom.dll
0x00007ff919270000 - 0x00007ff9193ba000 	C:\WINDOWS\SYSTEM32\textinputframework.dll
0x00007ff9288a0000 - 0x00007ff9289d4000 	C:\WINDOWS\SYSTEM32\CoreMessaging.dll
0x00007ff924b80000 - 0x00007ff924eec000 	C:\WINDOWS\SYSTEM32\CoreUIComponents.dll
0x00007ff92b630000 - 0x00007ff92b63c000 	C:\WINDOWS\SYSTEM32\CRYPTBASE.DLL

dbghelp: loaded successfully - version: 4.0.5 - missing functions: none
symbol engine: initialized successfully - sym options: 0x614 - pdb path: .;C:\Users\lenovo\.jdks\openjdk-21.0.2\bin;C:\WINDOWS\SYSTEM32;C:\WINDOWS\WinSxS\amd64_microsoft.windows.common-controls_6595b64144ccf1df_6.0.22621.2506_none_270c5ae97388e100;C:\Users\lenovo\.jdks\openjdk-21.0.2\bin\server;C:\Users\lenovo\.openjfx\cache\17;C:\WINDOWS\System32\DriverStore\FileRepository\iigd_dch.inf_amd64_4b31d9b38e2bb506;C:\Program Files\Common Files\Microsoft Shared\Ink

VM Arguments:
jvm_args: --module-path=C:\Users\lenovo\.m2\repository\org\openjfx\javafx-base\17\javafx-base-17-win.jar;C:\Users\lenovo\.m2\repository\org\openjfx\javafx-base\17\javafx-base-17.jar;C:\Users\lenovo\.m2\repository\org\openjfx\javafx-controls\17\javafx-controls-17-win.jar;C:\Users\lenovo\.m2\repository\org\openjfx\javafx-controls\17\javafx-controls-17.jar;C:\Users\lenovo\.m2\repository\org\openjfx\javafx-fxml\17\javafx-fxml-17-win.jar;C:\Users\lenovo\.m2\repository\org\openjfx\javafx-fxml\17\javafx-fxml-17.jar;C:\Users\lenovo\.m2\repository\org\openjfx\javafx-graphics\17\javafx-graphics-17-win.jar;C:\Users\lenovo\.m2\repository\org\openjfx\javafx-graphics\17\javafx-graphics-17.jar --add-modules=javafx.base,javafx.base,javafx.controls,javafx.controls,javafx.fxml,javafx.fxml,javafx.graphics,javafx.graphics 
java_command: tests.MainFX
java_class_path (initial): C:\Users\lenovo\IdeaProjects\lindaM\target\classes;C:\Users\lenovo\.m2\repository\com\google\protobuf\protobuf-java\3.21.9\protobuf-java-3.21.9.jar;C:\Users\lenovo\.m2\repository\com\mysql\mysql-connector-j\8.0.33\mysql-connector-j-8.0.33.jar
Launcher Type: SUN_STANDARD

[Global flags]
     intx CICompilerCount                          = 4                                         {product} {ergonomic}
     uint ConcGCThreads                            = 2                                         {product} {ergonomic}
     uint G1ConcRefinementThreads                  = 8                                         {product} {ergonomic}
   size_t G1HeapRegionSize                         = 1048576                                   {product} {ergonomic}
    uintx GCDrainStackTargetSize                   = 64                                        {product} {ergonomic}
   size_t InitialHeapSize                          = 132120576                                 {product} {ergonomic}
   size_t MarkStackSize                            = 4194304                                   {product} {ergonomic}
   size_t MaxHeapSize                              = 2095054848                                {product} {ergonomic}
   size_t MaxNewSize                               = 1256194048                                {product} {ergonomic}
   size_t MinHeapDeltaBytes                        = 1048576                                   {product} {ergonomic}
   size_t MinHeapSize                              = 8388608                                   {product} {ergonomic}
    uintx NonNMethodCodeHeapSize                   = 5839372                                {pd product} {ergonomic}
    uintx NonProfiledCodeHeapSize                  = 122909434                              {pd product} {ergonomic}
    uintx ProfiledCodeHeapSize                     = 122909434                              {pd product} {ergonomic}
    uintx ReservedCodeCacheSize                    = 251658240                              {pd product} {ergonomic}
     bool SegmentedCodeCache                       = true                                      {product} {ergonomic}
   size_t SoftMaxHeapSize                          = 2095054848                             {manageable} {ergonomic}
     bool UseCompressedOops                        = true                           {product lp64_product} {ergonomic}
     bool UseG1GC                                  = true                                      {product} {ergonomic}
     bool UseLargePagesIndividualAllocation        = false                                  {pd product} {ergonomic}

Logging:
Log output configuration:
 #0: stdout all=warning uptime,level,tags foldmultilines=false
 #1: stderr all=off uptime,level,tags foldmultilines=false

Environment Variables:
PATH=C:\oraclexe\app\oracle\product\11.2.0\server\bin;;C:\Program Files (x86)\VMware\VMware Player\bin\;C:\oraclexe\app\oracle\product\11.2.0\server\bin;C:\WINDOWS\system32;C:\WINDOWS;C:\WINDOWS\System32\Wbem;C:\WINDOWS\System32\WindowsPowerShell\v1.0\;C:\WINDOWS\System32\OpenSSH\;C:\Strawberry\c\bin;C:\Strawberry\perl\site\bin;C:\Strawberry\perl\bin;C:\instantclient12.2;C:\oraclexe;C:\oraclexe\app\oracle\admin\XE;C:\Program Files\Git\cmd;C:\Program Files\TortoiseGit\bin;C:\Program Files (x86)\GitExtensions\;C:\Program Files\dotnet\;C:\xampp\php;C:\composer;C:\Users\lenovo\scoop\shims;C:\Users\lenovo\AppData\Local\Microsoft\WindowsApps;C:\Users\lenovo\AppData\Local\Programs\Microsoft VS Code\bin;C:\Users\lenovo\AppData\Local\GitHubDesktop\bin;C:\xampp\php;C:\Users\lenovo\AppData\Roaming\Composer\vendor\bin;C:\IntelliJ IDEA 2023.3.3\bin;
USERNAME=lenovo
OS=Windows_NT
PROCESSOR_IDENTIFIER=Intel64 Family 6 Model 126 Stepping 5, GenuineIntel
TMP=C:\Users\lenovo\AppData\Local\Temp
TEMP=C:\Users\lenovo\AppData\Local\Temp




Periodic native trim disabled

---------------  S Y S T E M  ---------------

OS:
 Windows 11 , 64 bit Build 22621 (10.0.22621.3085)
OS uptime: 4 days 0:51 hours

CPU: total 8 (initial active 8) (4 cores per cpu, 2 threads per core) family 6 model 126 stepping 5 microcode 0x86, cx8, cmov, fxsr, ht, mmx, 3dnowpref, sse, sse2, sse3, ssse3, sse4.1, sse4.2, popcnt, lzcnt, tsc, tscinvbit, avx, avx2, aes, erms, clmul, bmi1, bmi2, adx, avx512f, avx512dq, avx512cd, avx512bw, avx512vl, sha, fma, vzeroupper, avx512_vpopcntdq, avx512_vpclmulqdq, avx512_vaes, avx512_vnni, clflush, clflushopt, avx512_vbmi2, avx512_vbmi, rdtscp, rdpid, fsrm, gfni, avx512_bitalg, f16c, pku, avx512_ifma
Processor Information for all 8 processors :
  Max Mhz: 1190, Current Mhz: 991, Mhz Limit: 987

Memory: 4k page, system-wide physical 7987M (293M free)
TotalPageFile size 32563M (AvailPageFile size 2M)
current process WorkingSet (physical memory assigned to process): 52M, peak: 176M
current process commit charge ("private bytes"): 287M, peak: 291M

vm_info: OpenJDK 64-Bit Server VM (21.0.2+13-58) for windows-amd64 JRE (21.0.2+13-58), built on 2024-01-05T18:32:24Z by "mach5one" with MS VC++ 17.1 (VS2022)

END.
